Command line:
   nor_gate_isim_beh.exe
     -simmode  gui
     -simrunnum  0
     -socket  60511

Fri Nov 27 22:56:50 2020


 Elaboration Time: 0.02 sec

 Current Memory Usage: 184.234 Meg

 Total Signals          : 4
 Total Nets             : 5
 Total Signal Drivers   : 2
 Total Blocks           : 2
 Total Primitive Blocks : 2
 Total Processes        : 2
 Total Traceable Variables  : 8
 Total Scalar Nets and Variables : 365
Total Line Count : 4

 Total Simulation Time: 0.03 sec

 Current Memory Usage: 259.736 Meg

Fri Nov 27 22:57:38 2020

