Command line:
   decoder_isim_beh.exe
     -simmode  gui
     -simrunnum  0
     -socket  45201

Wed Sep  2 10:11:29 2020


 Elaboration Time: 0.02 sec

 Current Memory Usage: 184.238 Meg

 Total Signals          : 2
 Total Nets             : 11
 Total Signal Drivers   : 1
 Total Blocks           : 2
 Total Primitive Blocks : 2
 Total Processes        : 1
 Total Traceable Variables  : 8
 Total Scalar Nets and Variables : 371
Total Line Count : 10

 Total Simulation Time: 0.1 sec

 Current Memory Usage: 259.74 Meg

Wed Sep  2 10:19:32 2020

