Command line:
   mux_4x1_isim_beh.exe
     -simmode  gui
     -simrunnum  0
     -socket  34809

Sun Nov 29 00:55:15 2020


 Elaboration Time: 0.03 sec

 Current Memory Usage: 184.234 Meg

 Total Signals          : 8
 Total Nets             : 9
 Total Signal Drivers   : 2
 Total Blocks           : 2
 Total Primitive Blocks : 2
 Total Processes        : 2
 Total Traceable Variables  : 8
 Total Scalar Nets and Variables : 369
Total Line Count : 4

 Total Simulation Time: 0.1 sec

 Current Memory Usage: 259.736 Meg

Sun Nov 29 00:57:35 2020

