Command line:
   mux_8x1_isim_beh.exe
     -simmode  gui
     -simrunnum  0
     -socket  44487

Mon Dec  7 02:38:58 2020


 Elaboration Time: 0.05 sec

 Current Memory Usage: 184.234 Meg

 Total Signals          : 3
 Total Nets             : 12
 Total Signal Drivers   : 1
 Total Blocks           : 2
 Total Primitive Blocks : 2
 Total Processes        : 1
 Total Traceable Variables  : 8
 Total Scalar Nets and Variables : 372
Total Line Count : 10

 Total Simulation Time: 0.11 sec

 Current Memory Usage: 259.736 Meg

Mon Dec  7 02:41:14 2020

