ISim log file
Running: /home/amit/vhdl_lab/alu_4_bit/ALU_isim_beh.exe -intstyle ise -gui -tclbatch isim.cmd -wdb /home/amit/vhdl_lab/alu_4_bit/ALU_isim_beh.wdb 
ISim P.20131013 (signature 0xfbc00daa)
WARNING: A WEBPACK license was found.
WARNING: Please use Xilinx License Configuration Manager to check out a full ISim license.
WARNING: ISim will run in Lite mode. Please refer to the ISim documentation for more information on the differences between the Lite and the Full version.
This is a Lite version of ISim.
Time resolution is 1 ps
# onerror resume
# wave add /
# run 1000 ns
Simulator is doing circuit initialization process.
Finished circuit initialization process.
# isim force add /alu/inputa 1001 -radix bin
# isim force add /alu/inputb 0011 -radix bin
# isim force add /alu/sel 000 -radix bin -value 111 -radix bin -time 50 ps -repeat 100 ps -cancel 10 ns
# run all
ISim P.20131013 (signature 0xfbc00daa)
WARNING: A WEBPACK license was found.
WARNING: Please use Xilinx License Configuration Manager to check out a full ISim license.
WARNING: ISim will run in Lite mode. Please refer to the ISim documentation for more information on the differences between the Lite and the Full version.
This is a Lite version of ISim.
# run 1000 ns
Simulator is doing circuit initialization process.
Finished circuit initialization process.
# isim force add /alu/inputa 1010 -radix bin
# isim force add /alu/inputb 0011 -radix bin
# isim force add /alu/sel 000 -radix bin
# run 1.00us
# isim force add /alu/sel 001 -radix bin
# run 1.00us
# isim force add /alu/sel 010 -radix bin
# run 1.00us
# isim force add /alu/sel 011 -radix bin
# run 1.00us
# isim force add /alu/sel 100 -radix bin
# run 1.00us
# isim force add /alu/sel 101 -radix bin
# run 1.00us
# isim force add /alu/sel 110 -radix bin
# run 1.00us
# isim force remove /alu/sel
# isim force add /alu/sel 111 -radix bin
# run all
# run 1.00us
# exit 0
