ISim log file
Running: /home/amit/vhdl_lab/mux_4x1_if_else/mux_4x1_isim_beh.exe -intstyle ise -gui -tclbatch isim.cmd -wdb /home/amit/vhdl_lab/mux_4x1_if_else/mux_4x1_isim_beh.wdb 
ISim P.20131013 (signature 0xfbc00daa)
WARNING: A WEBPACK license was found.
WARNING: Please use Xilinx License Configuration Manager to check out a full ISim license.
WARNING: ISim will run in Lite mode. Please refer to the ISim documentation for more information on the differences between the Lite and the Full version.
This is a Lite version of ISim.
Time resolution is 1 ps
# onerror resume
# wave add /
# run 1000 ns
Simulator is doing circuit initialization process.
Finished circuit initialization process.
# isim force add /mux_4x1/a 0 -radix bin -value 1 -radix bin -time 2500 fs -repeat 5 ps -cancel 200 ps
# isim force add /mux_4x1/b 0 -radix bin -value 1 -radix bin -time 5 ps -repeat 10 ps -cancel 200 ps
# isim force add /mux_4x1/c 0 -radix bin -value 1 -radix bin -time 10 ps -repeat 20 ps -cancel 200 ps
# isim force add /mux_4x1/d 0 -radix bin -value 1 -radix bin -time 20 ps -repeat 40 ps -cancel 200 ps
# isim force add /mux_4x1/s 00 -radix bin -value 11 -radix bin -time 40 ps -repeat 80 ps -cancel 200 ps
# run all
ISim P.20131013 (signature 0xfbc00daa)
WARNING: A WEBPACK license was found.
WARNING: Please use Xilinx License Configuration Manager to check out a full ISim license.
WARNING: ISim will run in Lite mode. Please refer to the ISim documentation for more information on the differences between the Lite and the Full version.
This is a Lite version of ISim.
# run 1000 ns
Simulator is doing circuit initialization process.
Finished circuit initialization process.
# isim force add /mux_4x1/a 0 -radix bin -value 1 -radix bin -time 2500 fs -repeat 5 ps -cancel 1 ns
# isim force add /mux_4x1/b 0 -radix bin -value 1 -radix bin -time 5 ps -repeat 10 ps -cancel 1 ns
# isim force add /mux_4x1/c 0 -radix bin -value 1 -radix bin -time 10 ps -repeat 20 ps -cancel 1 ns
# isim force add /mux_4x1/d 0 -radix bin -value 1 -radix bin -time 20 ps -repeat 40 ps -cancel 1 ns
# isim force add /mux_4x1/s[1] 0 -radix bin -value 1 -radix bin -time 80 ps -repeat 160 ps -cancel 1 ns
# isim force add /mux_4x1/s[0] 0 -radix bin -value 1 -radix bin -time 40 ps -repeat 80 ps -cancel 1 ns
# run all
# isim force add /mux_4x1/s 01 -radix bin -value 10 -radix bin -time 40 ps -repeat 80 ps -cancel 1 ns
# run all
ISim P.20131013 (signature 0xfbc00daa)
WARNING: A WEBPACK license was found.
WARNING: Please use Xilinx License Configuration Manager to check out a full ISim license.
WARNING: ISim will run in Lite mode. Please refer to the ISim documentation for more information on the differences between the Lite and the Full version.
This is a Lite version of ISim.
# run 1000 ns
Simulator is doing circuit initialization process.
Finished circuit initialization process.
# isim force add /mux_4x1/a 0 -radix bin -value 1 -radix bin -time 5 ps -repeat 10 ps -cancel 1 ns
# isim force add /mux_4x1/b 0 -radix bin -value 1 -radix bin -time 10 ps -repeat 20 ps -cancel 1 ns
# isim force add /mux_4x1/c 0 -radix bin -value 1 -radix bin -time 20 ps -repeat 40 ps -cancel 1 ns
# isim force add /mux_4x1/d 0 -radix bin -value 1 -radix bin -time 40 ps -repeat 80 ps -cancel 1 ns
# isim force add /mux_4x1/s 01 -radix bin -value 10 -radix bin -time 60 ps -repeat 120 ps -cancel 1 ns
# run all
# exit 0
