Command line:
   piso_isim_beh.exe
     -simmode  gui
     -simrunnum  0
     -socket  40727

Mon Dec  7 03:43:44 2020


 Elaboration Time: 0.01 sec

 Current Memory Usage: 184.238 Meg

 Total Signals          : 5
 Total Nets             : 11
 Total Signal Drivers   : 2
 Total Blocks           : 2
 Total Primitive Blocks : 2
 Total Processes        : 1
 Total Traceable Variables  : 8
 Total Scalar Nets and Variables : 371
Total Line Count : 9

 Total Simulation Time: 0.25 sec

 Current Memory Usage: 259.74 Meg

Mon Dec  7 03:51:55 2020

