Command line:
   and_10inp_isim_beh.exe
     -simmode  gui
     -simrunnum  0
     -socket  54723

Sun Dec  6 03:58:15 2020


 Elaboration Time: 0.01 sec

 Current Memory Usage: 184.234 Meg

 Total Signals          : 33
 Total Nets             : 30
 Total Signal Drivers   : 10
 Total Blocks           : 22
 Total Primitive Blocks : 11
 Total Processes        : 10
 Total Traceable Variables  : 18
 Total Scalar Nets and Variables : 400
Total Line Count : 10

 Total Simulation Time: 0.04 sec

 Current Memory Usage: 259.736 Meg

Sun Dec  6 03:59:04 2020

