Command line:
   mux_2x1_isim_beh.exe
     -simmode  gui
     -simrunnum  0
     -socket  51263

Sat Nov 28 23:36:54 2020


 Elaboration Time: 0.01 sec

 Current Memory Usage: 184.234 Meg

 Total Signals          : 4
 Total Nets             : 4
 Total Signal Drivers   : 1
 Total Blocks           : 2
 Total Primitive Blocks : 2
 Total Processes        : 1
 Total Traceable Variables  : 8
 Total Scalar Nets and Variables : 364
Total Line Count : 1

 Total Simulation Time: 0.06 sec

 Current Memory Usage: 259.736 Meg

Sat Nov 28 23:39:44 2020

