Command line:
   sipo_isim_beh.exe
     -simmode  gui
     -simrunnum  0
     -socket  60027

Wed Nov 18 08:57:24 2020


 Elaboration Time: 0.07 sec

 Current Memory Usage: 184.336 Meg

 Total Signals          : 4
 Total Nets             : 7
 Total Signal Drivers   : 1
 Total Blocks           : 4
 Total Primitive Blocks : 4
 Total Processes        : 1
 Total Traceable Variables  : 10
 Total Scalar Nets and Variables : 385
Total Line Count : 6

 Total Simulation Time: 0.27 sec

 Current Memory Usage: 259.838 Meg

Wed Nov 18 09:41:38 2020

