ISim log file
Running: /home/amit/vhdl_lab/ParallelToSerial/parallel_in_serial_out_isim_beh.exe -intstyle ise -gui -tclbatch isim.cmd -wdb /home/amit/vhdl_lab/ParallelToSerial/parallel_in_serial_out_isim_beh.wdb 
ISim P.20131013 (signature 0xfbc00daa)
WARNING: A WEBPACK license was found.
WARNING: Please use Xilinx License Configuration Manager to check out a full ISim license.
WARNING: ISim will run in Lite mode. Please refer to the ISim documentation for more information on the differences between the Lite and the Full version.
This is a Lite version of ISim.
Time resolution is 1 ps
# onerror resume
# wave add /
# run 1000 ns
Simulator is doing circuit initialization process.
Finished circuit initialization process.
# isim force add /parallel_in_serial_out/clk 0 -radix bin -value 1 -radix bin -time 50 ps -repeat 100 ps -cancel 10 ns
# run all
ISim P.20131013 (signature 0xfbc00daa)
WARNING: A WEBPACK license was found.
WARNING: Please use Xilinx License Configuration Manager to check out a full ISim license.
WARNING: ISim will run in Lite mode. Please refer to the ISim documentation for more information on the differences between the Lite and the Full version.
This is a Lite version of ISim.
# run 1000 ns
Simulator is doing circuit initialization process.
Finished circuit initialization process.
# isim force add /parallel_in_serial_out/clk 0 -radix bin -value 1 -radix bin -time 50 ps -repeat 100 ps -cancel 10 ns
# isim force add /parallel_in_serial_out/reset 0 -radix bin -cancel 10 ns
# isim force add /parallel_in_serial_out/load 0 -radix bin -value 1 -radix bin -time 500 ps -repeat 1 ns -cancel 10 ns
# isim force add /parallel_in_serial_out/din[3] 0 -radix bin -value 1 -radix bin -time 200 ps -repeat 400 ps -cancel 10 ns
# isim force add /parallel_in_serial_out/din[2] 0 -radix bin -value 1 -radix bin -time 150 ps -repeat 300 ps -cancel 10 ns
# isim force add /parallel_in_serial_out/din[1] 0 -radix bin -value 1 -radix bin -time 100 ps -repeat 200 ps -cancel 10 ns
# isim force add /parallel_in_serial_out/din[3] 0 -radix bin -value 1 -radix bin -time 400 ps -repeat 800 ps -cancel 10 ns
# isim force add /parallel_in_serial_out/din[2] 0 -radix bin -value 1 -radix bin -time 300 ps -repeat 600 ps -cancel 10 ns
# isim force add /parallel_in_serial_out/din[1] 0 -radix bin -value 1 -radix bin -time 200 ps -repeat 400 ps -cancel 10 ns
# isim force add /parallel_in_serial_out/din[0] 0 -radix bin -value 1 -radix bin -time 100 ps -repeat 200 ps -cancel 10 ns
# run all
# isim force add /parallel_in_serial_out/din[3] 0 -radix bin -value 1 -radix bin -time 400 ps -repeat 800 ps -cancel 10 ns
# run all
ISim P.20131013 (signature 0xfbc00daa)
WARNING: A WEBPACK license was found.
WARNING: Please use Xilinx License Configuration Manager to check out a full ISim license.
WARNING: ISim will run in Lite mode. Please refer to the ISim documentation for more information on the differences between the Lite and the Full version.
This is a Lite version of ISim.
# run 1000 ns
Simulator is doing circuit initialization process.
Finished circuit initialization process.
# isim force add /parallel_in_serial_out/clk 0 -radix bin -value 1 -radix bin -time 50 ps -repeat 100 ps -cancel 10 ns
# isim force add /parallel_in_serial_out/reset 0 -radix bin -value 1 -radix bin -time 0 fs -repeat 100 ps -cancel 10 ns
# isim force add /parallel_in_serial_out/load 0 -radix bin -value 1 -radix bin -time 100 ps -repeat 100 ps -cancel 10 ns
# isim force remove /parallel_in_serial_out/load
# isim force add /parallel_in_serial_out/load 0 -radix bin -value 1 -radix bin -time 500 ps -repeat 1 ns -cancel 10 ns
# isim force add /parallel_in_serial_out/din[3] 0 -radix bin -value 1 -radix bin -time 400 ps -repeat 800 ps -cancel 10 ns
# isim force add /parallel_in_serial_out/din[2] 0 -radix bin -value 1 -radix bin -time 300 ps -repeat 600 ps -cancel 10 ns
# isim force add /parallel_in_serial_out/din[1] 0 -radix bin -value 1 -radix bin -time 200 ps -repeat 400 ps -cancel 10 ns
# isim force add /parallel_in_serial_out/din[0] 0 -radix bin -value 1 -radix bin -time 100 ps -repeat 200 ps -cancel 10 ns
# run all
# isim force remove /parallel_in_serial_out/reset
Signal was not forced.
# run all
# isim force add /parallel_in_serial_out/reset 0 -radix bin
# run all
# run all
# run all
ISim P.20131013 (signature 0xfbc00daa)
WARNING: A WEBPACK license was found.
WARNING: Please use Xilinx License Configuration Manager to check out a full ISim license.
WARNING: ISim will run in Lite mode. Please refer to the ISim documentation for more information on the differences between the Lite and the Full version.
This is a Lite version of ISim.
# run 1000 ns
Simulator is doing circuit initialization process.
Finished circuit initialization process.
# isim force add /parallel_in_serial_out/clk 0 -radix bin -value 1 -radix bin -time 50 ps -repeat 100 ps -cancel 10 ns
# isim force add /parallel_in_serial_out/reset 0 -radix bin -cancel 10 ns
# isim force add /parallel_in_serial_out/load 0 -radix bin -value 1 -radix bin -time 500 ps -repeat 1 ns -cancel 10 ns
# isim force add /parallel_in_serial_out/din 1010 -radix bin -value 0000 -radix bin -time 500 ps -repeat 1 ns -cancel 1 ns
# run all
ISim P.20131013 (signature 0xfbc00daa)
WARNING: A WEBPACK license was found.
WARNING: Please use Xilinx License Configuration Manager to check out a full ISim license.
WARNING: ISim will run in Lite mode. Please refer to the ISim documentation for more information on the differences between the Lite and the Full version.
This is a Lite version of ISim.
# run 1000 ns
Simulator is doing circuit initialization process.
Finished circuit initialization process.
# isim force add /parallel_in_serial_out/clk 0 -radix bin -value 1 -radix bin -time 50 ps -repeat 100 ps -cancel 10 ns
# isim force add /parallel_in_serial_out/reset 0 -radix bin -cancel 10 ns
# isim force add /parallel_in_serial_out/load 0 -radix bin -value 1 -radix bin -time 500 ps -repeat 1 ns -cancel 10 ns
# isim force add /parallel_in_serial_out/din 1010 -radix bin -cancel 10 ns
# run all
ISim P.20131013 (signature 0xfbc00daa)
WARNING: A WEBPACK license was found.
WARNING: Please use Xilinx License Configuration Manager to check out a full ISim license.
WARNING: ISim will run in Lite mode. Please refer to the ISim documentation for more information on the differences between the Lite and the Full version.
This is a Lite version of ISim.
# run 1000 ns
Simulator is doing circuit initialization process.
Finished circuit initialization process.
# isim force add /parallel_in_serial_out/clk 0 -radix bin -value 1 -radix bin -time 50 ps -repeat 100 ps -cancel 10 ns
# isim force add /parallel_in_serial_out/reset 0 -radix bin -cancel 10 ns
# isim force add /parallel_in_serial_out/load 1 -radix bin -value 0 -radix bin -time 400 ps -repeat 800 ps -cancel 10 ns
# isim force add /parallel_in_serial_out/din 1010 -radix bin -cancel 10 ns
# run all
# exit 0
