Command line:
   d_ff_isim_beh.exe
     -simmode  gui
     -simrunnum  0
     -socket  39093

Sun Nov 29 03:07:31 2020


 Elaboration Time: 0.03 sec

 Current Memory Usage: 184.238 Meg

 Total Signals          : 4
 Total Nets             : 4
 Total Signal Drivers   : 1
 Total Blocks           : 2
 Total Primitive Blocks : 2
 Total Processes        : 1
 Total Traceable Variables  : 8
 Total Scalar Nets and Variables : 364
Total Line Count : 4

 Total Simulation Time: 0.07 sec

 Current Memory Usage: 259.74 Meg

Sun Nov 29 03:10:31 2020

