Running: /opt/Xilinx/14.7/ISE_DS/ISE/bin/lin64/unwrapped/fuse -intstyle ise -incremental -o /home/amit/vhdl_lab/piso_behavioral/piso_isim_beh.exe -prj /home/amit/vhdl_lab/piso_behavioral/piso_beh.prj work.piso 
ISim P.20131013 (signature 0xfbc00daa)
Number of CPUs detected in this system: 4
Turning on mult-threading, number of parallel sub-compilation jobs: 8 
Determining compilation order of HDL files
Parsing VHDL file "/home/amit/vhdl_lab/piso_behavioral/piso.vhd" into library work
Starting static elaboration
Completed static elaboration
Fuse Memory Usage: 83316 KB
Fuse CPU Usage: 1380 ms
Compiling package standard
Compiling package std_logic_1164
Compiling architecture behavioral of entity piso
Time Resolution for simulation is 1ps.
Waiting for 1 sub-compilation(s) to finish...
Compiled 3 VHDL Units
Built simulation executable /home/amit/vhdl_lab/piso_behavioral/piso_isim_beh.exe
Fuse Memory Usage: 648996 KB
Fuse CPU Usage: 1410 ms
GCC CPU Usage: 710 ms
