Command line:
   d_ff_isim_beh.exe
     -simmode  gui
     -simrunnum  0
     -socket  49673

Sat Dec  5 21:32:34 2020


 Elaboration Time: 0.05 sec

 Current Memory Usage: 184.238 Meg

 Total Signals          : 4
 Total Nets             : 4
 Total Signal Drivers   : 1
 Total Blocks           : 2
 Total Primitive Blocks : 2
 Total Processes        : 1
 Total Traceable Variables  : 8
 Total Scalar Nets and Variables : 364
Total Line Count : 5

 Total Simulation Time: 0.09 sec

 Current Memory Usage: 259.74 Meg

Sat Dec  5 21:34:14 2020

