--------------------------------------------------------------------------------
Release 14.7 Trace  (lin64)
Copyright (c) 1995-2013 Xilinx, Inc.  All rights reserved.

/opt/Xilinx/14.7/ISE_DS/ISE/bin/lin64/unwrapped/trce -intstyle ise -v 3 -s 2 -n
3 -fastpaths -xml demux_module.twx demux_module.ncd -o demux_module.twr
demux_module.pcf

Design file:              demux_module.ncd
Physical constraint file: demux_module.pcf
Device,package,speed:     xc6slx16,csg324,C,-2 (PRODUCTION 1.23 2013-10-13)
Report level:             verbose report

Environment Variable      Effect 
--------------------      ------ 
NONE                      No environment variables were set
--------------------------------------------------------------------------------

INFO:Timing:2698 - No timing constraints found, doing default enumeration.
INFO:Timing:3412 - To improve timing, see the Timing Closure User Guide (UG612).
INFO:Timing:2752 - To get complete path coverage, use the unconstrained paths 
   option. All paths that are not constrained will be reported in the 
   unconstrained paths section(s) of the report.
INFO:Timing:3339 - The clock-to-out numbers in this timing report are based on 
   a 50 Ohm transmission line loading model.  For the details of this model, 
   and for more information on accounting for different loading conditions, 
   please see the device datasheet.



Data Sheet report:
-----------------
All values displayed in nanoseconds (ns)

Pad to Pad
---------------+---------------+---------+
Source Pad     |Destination Pad|  Delay  |
---------------+---------------+---------+
X              |y<0>           |    8.545|
X              |y<1>           |    8.863|
X              |y<2>           |    8.804|
X              |y<3>           |    8.626|
X              |y<4>           |    8.463|
X              |y<5>           |    8.904|
X              |y<6>           |    8.480|
X              |y<7>           |    8.828|
s<0>           |y<0>           |    8.786|
s<0>           |y<1>           |    8.842|
s<0>           |y<2>           |    9.045|
s<0>           |y<3>           |    8.605|
s<0>           |y<4>           |    8.671|
s<0>           |y<5>           |    8.334|
s<0>           |y<6>           |    8.688|
s<0>           |y<7>           |    8.258|
s<1>           |y<0>           |    8.538|
s<1>           |y<1>           |    8.948|
s<1>           |y<2>           |    8.797|
s<1>           |y<3>           |    8.711|
s<1>           |y<4>           |    8.470|
s<1>           |y<5>           |    8.737|
s<1>           |y<6>           |    8.487|
s<1>           |y<7>           |    8.661|
s<2>           |y<0>           |    8.706|
s<2>           |y<1>           |    8.823|
s<2>           |y<2>           |    8.965|
s<2>           |y<3>           |    8.586|
s<2>           |y<4>           |    8.548|
s<2>           |y<5>           |    9.078|
s<2>           |y<6>           |    8.565|
s<2>           |y<7>           |    9.002|
---------------+---------------+---------+


Analysis completed Wed Sep  9 09:10:19 2020 
--------------------------------------------------------------------------------

Trace Settings:
-------------------------
Trace Settings 

Peak Memory Usage: 376 MB



