ISim log file
Running: /home/amit/demux1_8/demux_module_isim_beh.exe -intstyle ise -gui -tclbatch isim.cmd -wdb /home/amit/demux1_8/demux_module_isim_beh.wdb 
ISim P.20131013 (signature 0xfbc00daa)
WARNING: A WEBPACK license was found.
WARNING: Please use Xilinx License Configuration Manager to check out a full ISim license.
WARNING: ISim will run in Lite mode. Please refer to the ISim documentation for more information on the differences between the Lite and the Full version.
This is a Lite version of ISim.
Time resolution is 1 ps
# onerror resume
# wave add /
# run 1000 ns
Simulator is doing circuit initialization process.
Finished circuit initialization process.
# isim force add /demux_module/x 1 -radix bin
# isim force add /demux_module/s 0 -radix bin
# run 1.00us
# isim force add /demux_module/s 111 -radix bin
# run 1.00us
# isim force add /demux_module/s 110 -radix bin
# isim force add /demux_module/s 110 -radix bin
# run 1.00us
# isim force add /demux_module/s 101 -radix bin
# run 1.00us
# isim force add /demux_module/s 100 -radix bin
# run 1.00us
# isim force add /demux_module/s 011 -radix bin
# run 1.00us
# isim force add /demux_module/s 010 -radix bin
# run 1.00us
# isim force add /demux_module/s 001 -radix bin
# isim force add /demux_module/s 0 -radix bin
# run 1.00us
# exit 0
