--------------------------------------------------------------------------------
Release 14.7 Trace  (lin64)
Copyright (c) 1995-2013 Xilinx, Inc.  All rights reserved.

/opt/Xilinx/14.7/ISE_DS/ISE/bin/lin64/unwrapped/trce -intstyle ise -v 3 -s 2 -n
3 -fastpaths -xml decoder.twx decoder.ncd -o decoder.twr decoder.pcf

Design file:              decoder.ncd
Physical constraint file: decoder.pcf
Device,package,speed:     xc6slx16,csg324,C,-2 (PRODUCTION 1.23 2013-10-13)
Report level:             verbose report

Environment Variable      Effect 
--------------------      ------ 
NONE                      No environment variables were set
--------------------------------------------------------------------------------

INFO:Timing:2698 - No timing constraints found, doing default enumeration.
INFO:Timing:3412 - To improve timing, see the Timing Closure User Guide (UG612).
INFO:Timing:2752 - To get complete path coverage, use the unconstrained paths 
   option. All paths that are not constrained will be reported in the 
   unconstrained paths section(s) of the report.
INFO:Timing:3339 - The clock-to-out numbers in this timing report are based on 
   a 50 Ohm transmission line loading model.  For the details of this model, 
   and for more information on accounting for different loading conditions, 
   please see the device datasheet.



Data Sheet report:
-----------------
All values displayed in nanoseconds (ns)

Pad to Pad
---------------+---------------+---------+
Source Pad     |Destination Pad|  Delay  |
---------------+---------------+---------+
a<0>           |a1<0>          |    8.396|
a<0>           |a1<1>          |    8.259|
a<0>           |a1<2>          |    8.435|
a<0>           |a1<3>          |    8.727|
a<0>           |a1<4>          |    8.110|
a<0>           |a1<5>          |    8.391|
a<0>           |a1<6>          |    8.359|
a<0>           |a1<7>          |    8.703|
a<1>           |a1<0>          |    8.660|
a<1>           |a1<1>          |    8.523|
a<1>           |a1<2>          |    8.321|
a<1>           |a1<3>          |    8.613|
a<1>           |a1<4>          |    8.640|
a<1>           |a1<5>          |    8.921|
a<1>           |a1<6>          |    8.410|
a<1>           |a1<7>          |    8.754|
a<2>           |a1<0>          |    8.503|
a<2>           |a1<1>          |    8.366|
a<2>           |a1<2>          |    8.115|
a<2>           |a1<3>          |    8.407|
a<2>           |a1<4>          |    8.283|
a<2>           |a1<5>          |    8.564|
a<2>           |a1<6>          |    8.122|
a<2>           |a1<7>          |    8.466|
---------------+---------------+---------+


Analysis completed Tue Oct 20 22:49:09 2020 
--------------------------------------------------------------------------------

Trace Settings:
-------------------------
Trace Settings 

Peak Memory Usage: 376 MB



