Command line:
   d_ff_isim_beh.exe
     -simmode  gui
     -simrunnum  0
     -socket  35089

Sun Nov 29 02:59:34 2020


 Elaboration Time: 0.01 sec

 Current Memory Usage: 184.234 Meg

 Total Signals          : 4
 Total Nets             : 4
 Total Signal Drivers   : 1
 Total Blocks           : 2
 Total Primitive Blocks : 2
 Total Processes        : 1
 Total Traceable Variables  : 8
 Total Scalar Nets and Variables : 364
Total Line Count : 3

 Total Simulation Time: 0.05 sec

 Current Memory Usage: 259.736 Meg

Sun Nov 29 03:01:06 2020

