Command line:
   fourbitadder_isim_beh.exe
     -simmode  gui
     -simrunnum  0
     -socket  34381

Wed Sep 23 09:18:02 2020


 Elaboration Time: 0.02 sec

 Current Memory Usage: 184.234 Meg

 Total Signals          : 26
 Total Nets             : 17
 Total Signal Drivers   : 8
 Total Blocks           : 6
 Total Primitive Blocks : 5
 Total Processes        : 4
 Total Traceable Variables  : 8
 Total Scalar Nets and Variables : 377
Total Line Count : 8

 Total Simulation Time: 0.27 sec

 Current Memory Usage: 259.736 Meg

Wed Sep 23 11:46:52 2020

