Command line:
   counter_isim_beh.exe
     -simmode  gui
     -simrunnum  0
     -socket  48039

Sun Dec  6 05:07:38 2020


 Elaboration Time: 0.01 sec

 Current Memory Usage: 184.332 Meg

 Total Signals          : 4
 Total Nets             : 4
 Total Signal Drivers   : 2
 Total Blocks           : 4
 Total Primitive Blocks : 4
 Total Processes        : 1
 Total Traceable Variables  : 10
 Total Scalar Nets and Variables : 382
Total Line Count : 7

 Total Simulation Time: 0.03 sec

 Current Memory Usage: 259.834 Meg

Sun Dec  6 05:08:29 2020

