Command line:
   adder_4bit_isim_beh.exe
     -simmode  gui
     -simrunnum  0
     -socket  49667

Sun Dec  6 04:32:47 2020


 Elaboration Time: 0.02 sec

 Current Memory Usage: 184.234 Meg

 Total Signals          : 82
 Total Nets             : 29
 Total Signal Drivers   : 20
 Total Blocks           : 18
 Total Primitive Blocks : 13
 Total Processes        : 20
 Total Traceable Variables  : 8
 Total Scalar Nets and Variables : 389
Total Line Count : 20

 Total Simulation Time: 0.09 sec

 Current Memory Usage: 259.736 Meg

Sun Dec  6 04:33:59 2020

