Command line:
   stimulus_isim_beh.exe
     -simmode  gui
     -simrunnum  0
     -socket  34593

Fri Sep 18 17:30:45 2020


 Elaboration Time: 0 sec

 Current Memory Usage: 184.214 Meg

 Total Signals          : 45
 Total Nets             : 23
 Total Signal Drivers   : 15
 Total Blocks           : 11
 Total Primitive Blocks : 5
 Total Processes        : 24
 Total Traceable Variables  : 24
 Total Scalar Nets and Variables : 109
Total Line Count : 43

 Total Simulation Time: 0.04 sec

 Current Memory Usage: 259.715 Meg

Fri Sep 18 17:31:41 2020

