Running: /opt/Xilinx/14.7/ISE_DS/ISE/bin/lin64/unwrapped/fuse -intstyle ise -incremental -o /home/amit/vhdl_lab/sr_ff_behavioral/sr_ff_isim_beh.exe -prj /home/amit/vhdl_lab/sr_ff_behavioral/sr_ff_beh.prj work.sr_ff 
ISim P.20131013 (signature 0xfbc00daa)
Number of CPUs detected in this system: 4
Turning on mult-threading, number of parallel sub-compilation jobs: 8 
Determining compilation order of HDL files
Parsing VHDL file "/home/amit/vhdl_lab/sr_ff_behavioral/sr_ff.vhd" into library work
Starting static elaboration
Completed static elaboration
Fuse Memory Usage: 83260 KB
Fuse CPU Usage: 1190 ms
Compiling package standard
Compiling package std_logic_1164
Compiling architecture behavioral of entity sr_ff
Time Resolution for simulation is 1ps.
Waiting for 1 sub-compilation(s) to finish...
Compiled 3 VHDL Units
Built simulation executable /home/amit/vhdl_lab/sr_ff_behavioral/sr_ff_isim_beh.exe
Fuse Memory Usage: 648996 KB
Fuse CPU Usage: 1210 ms
GCC CPU Usage: 160 ms
