Command line:
   sequence_detector_isim_beh.exe
     -simmode  gui
     -simrunnum  0
     -socket  37931

Sat Dec  5 23:45:29 2020


 Elaboration Time: 0.03 sec

 Current Memory Usage: 184.242 Meg

 Total Signals          : 6
 Total Nets             : 6
 Total Signal Drivers   : 3
 Total Blocks           : 2
 Total Primitive Blocks : 2
 Total Processes        : 2
 Total Traceable Variables  : 8
 Total Scalar Nets and Variables : 366
Total Line Count : 21

 Total Simulation Time: 0.08 sec

 Current Memory Usage: 259.744 Meg

Sat Dec  5 23:46:30 2020

