ISim log file
Running: /home/amit/vhdl_lab/mux8_1/source_isim_beh.exe -intstyle ise -gui -tclbatch isim.cmd -wdb /home/amit/vhdl_lab/mux8_1/source_isim_beh.wdb 
ISim P.20131013 (signature 0xfbc00daa)
WARNING: A WEBPACK license was found.
WARNING: Please use Xilinx License Configuration Manager to check out a full ISim license.
WARNING: ISim will run in Lite mode. Please refer to the ISim documentation for more information on the differences between the Lite and the Full version.
This is a Lite version of ISim.
Time resolution is 1 ps
# onerror resume
# wave add /
# run 1000 ns
Simulator is doing circuit initialization process.
Finished circuit initialization process.
# isim force add /source/x 0 -radix bin
# isim force add /source/s 0 -radix bin
# run 1.00us
# isim force add /source/s 7 -radix unsigned
# isim force add /source/x 1 -radix bin
# run 1.00us
# isim force add /source/s 6 -radix unsigned
# isim force add /source/x 2 -radix unsigned
# run 1.00us
# isim force add /source/s 5 -radix unsigned
# isim force add /source/x 7 -radix unsigned
# run 1.00us
# isim force add /source/s 4 -radix unsigned
# isim force add /source/x 12 -radix unsigned
# run 1.00us
# isim force add /source/s 3 -radix unsigned
# isim force add /source/x 25 -radix unsigned
# run 1.00us
# isim force add /source/s 2 -radix unsigned
# isim force add /source/x 58 -radix unsigned
# run 1.00us
# isim force add /source/s 1 -radix bin
# isim force add /source/x 127 -radix unsigned
# run 1.00us
# isim force add /source/s 0 -radix bin
# isim force add /source/x 244 -radix unsigned
# run 1.00us
# isim force add /source/x 241 -radix unsigned
# run 1.00us
