ISim log file
Running: /home/amit/vhdl_lab/up_counter/counter_isim_beh.exe -intstyle ise -gui -tclbatch isim.cmd -wdb /home/amit/vhdl_lab/up_counter/counter_isim_beh.wdb 
ISim P.20131013 (signature 0xfbc00daa)
WARNING: A WEBPACK license was found.
WARNING: Please use Xilinx License Configuration Manager to check out a full ISim license.
WARNING: ISim will run in Lite mode. Please refer to the ISim documentation for more information on the differences between the Lite and the Full version.
This is a Lite version of ISim.
Time resolution is 1 ps
# onerror resume
# wave add /
# run 1000 ns
Simulator is doing circuit initialization process.
Finished circuit initialization process.
# isim force add /counter/clk 0 -radix bin -value 1 -radix bin -time 2500 fs -repeat 5 ps -cancel 100 ps
# isim force add /counter/clk 0 -radix bin -value 1 -radix bin -time 2500 fs -repeat 5 ps -cancel 100 ps
# run all
# run all
# run all
# isim force add /counter/clk 0 -radix bin -value 1 -radix bin -time 500 ps -repeat 1 ns -cancel 100 ns
# isim force add /counter/clk 0 -radix bin -value 1 -radix bin -time 500 ps -repeat 1 ns -cancel 100 ns
# run all
# run all
ISim P.20131013 (signature 0xfbc00daa)
WARNING: A WEBPACK license was found.
WARNING: Please use Xilinx License Configuration Manager to check out a full ISim license.
WARNING: ISim will run in Lite mode. Please refer to the ISim documentation for more information on the differences between the Lite and the Full version.
This is a Lite version of ISim.
# run 1000 ns
Simulator is doing circuit initialization process.
Finished circuit initialization process.
# isim force add /counter/clk 0 -radix bin -value 1 -radix bin -time 500 ns -repeat 1 us -cancel 1 ns
# isim force add /counter/clk 0 -radix bin -value 1 -radix bin -time 500 ns -repeat 1 us -cancel 1 ns
# run all
ISim P.20131013 (signature 0xfbc00daa)
WARNING: A WEBPACK license was found.
WARNING: Please use Xilinx License Configuration Manager to check out a full ISim license.
WARNING: ISim will run in Lite mode. Please refer to the ISim documentation for more information on the differences between the Lite and the Full version.
This is a Lite version of ISim.
# run 1000 ns
Simulator is doing circuit initialization process.
Finished circuit initialization process.
# isim force add /counter/clk 0 -radix bin -value 1 -radix bin -time 250 ns -repeat 500 ns -cancel 100 us
# isim force add /counter/clk 0 -radix bin -value 1 -radix bin -time 250 ns -repeat 500 ns -cancel 100 us
# run all
# exit 0
