Running: /opt/Xilinx/14.7/ISE_DS/ISE/bin/lin64/unwrapped/fuse -intstyle ise -incremental -lib secureip -o /home/amit/vhdl_lab/SerialToParallel4bit/sipo_isim_beh.exe -prj /home/amit/vhdl_lab/SerialToParallel4bit/sipo_beh.prj work.sipo 
ISim P.20131013 (signature 0xfbc00daa)
Number of CPUs detected in this system: 4
Turning on mult-threading, number of parallel sub-compilation jobs: 8 
Determining compilation order of HDL files
Parsing VHDL file "/home/amit/vhdl_lab/SerialToParallel4bit/sipo.vhd" into library work
Starting static elaboration
Completed static elaboration
Fuse Memory Usage: 84608 KB
Fuse CPU Usage: 1280 ms
Compiling package standard
Compiling package std_logic_1164
Compiling package std_logic_arith
Compiling package std_logic_unsigned
Compiling architecture behavioral of entity sipo
Time Resolution for simulation is 1ps.
Compiled 5 VHDL Units
Built simulation executable /home/amit/vhdl_lab/SerialToParallel4bit/sipo_isim_beh.exe
Fuse Memory Usage: 657356 KB
Fuse CPU Usage: 1390 ms
GCC CPU Usage: 3290 ms
