Command line:
   full_adder_isim_beh.exe
     -simmode  gui
     -simrunnum  0
     -socket  56609

Sat Nov 28 22:28:27 2020


 Elaboration Time: 0.02 sec

 Current Memory Usage: 184.238 Meg

 Total Signals          : 19
 Total Nets             : 8
 Total Signal Drivers   : 5
 Total Blocks           : 5
 Total Primitive Blocks : 4
 Total Processes        : 5
 Total Traceable Variables  : 8
 Total Scalar Nets and Variables : 368
Total Line Count : 5

 Total Simulation Time: 0.14 sec

 Current Memory Usage: 259.74 Meg

Sat Nov 28 22:52:54 2020

