Command line:
   parallel_in_serial_out_isim_beh.exe
     -simmode  gui
     -simrunnum  0
     -socket  43883

Wed Nov 25 01:47:52 2020


 Elaboration Time: 0.02 sec

 Current Memory Usage: 184.238 Meg

 Total Signals          : 5
 Total Nets             : 8
 Total Signal Drivers   : 1
 Total Blocks           : 2
 Total Primitive Blocks : 2
 Total Processes        : 1
 Total Traceable Variables  : 8
 Total Scalar Nets and Variables : 368
Total Line Count : 5

 Total Simulation Time: 0.06 sec

 Current Memory Usage: 259.74 Meg

Wed Nov 25 01:50:34 2020

