Release 14.7 - xst P.20131013 (lin64)
Copyright (c) 1995-2013 Xilinx, Inc.  All rights reserved.
--> 
Parameter TMPDIR set to xst/projnav.tmp


Total REAL time to Xst completion: 0.00 secs
Total CPU time to Xst completion: 0.04 secs
 
--> 
Parameter xsthdpdir set to xst


Total REAL time to Xst completion: 0.00 secs
Total CPU time to Xst completion: 0.04 secs
 
--> 
Reading design: counter.prj

TABLE OF CONTENTS
  1) Synthesis Options Summary
  2) HDL Compilation
  3) Design Hierarchy Analysis
  4) HDL Analysis
  5) HDL Synthesis
     5.1) HDL Synthesis Report
  6) Advanced HDL Synthesis
     6.1) Advanced HDL Synthesis Report
  7) Low Level Synthesis
  8) Partition Report
  9) Final Report
	9.1) Device utilization summary
	9.2) Partition Resource Summary
	9.3) TIMING REPORT


=========================================================================
*                      Synthesis Options Summary                        *
=========================================================================
---- Source Parameters
Input File Name                    : "counter.prj"
Input Format                       : mixed
Ignore Synthesis Constraint File   : NO

---- Target Parameters
Output File Name                   : "counter"
Output Format                      : NGC
Target Device                      : xc3s200-5-ft256

---- Source Options
Top Module Name                    : counter
Automatic FSM Extraction           : YES
FSM Encoding Algorithm             : Auto
Safe Implementation                : No
FSM Style                          : LUT
RAM Extraction                     : Yes
RAM Style                          : Auto
ROM Extraction                     : Yes
Mux Style                          : Auto
Decoder Extraction                 : YES
Priority Encoder Extraction        : Yes
Shift Register Extraction          : YES
Logical Shifter Extraction         : YES
XOR Collapsing                     : YES
ROM Style                          : Auto
Mux Extraction                     : Yes
Resource Sharing                   : YES
Asynchronous To Synchronous        : NO
Multiplier Style                   : Auto
Automatic Register Balancing       : No

---- Target Options
Add IO Buffers                     : YES
Global Maximum Fanout              : 100000
Add Generic Clock Buffer(BUFG)     : 8
Register Duplication               : YES
Slice Packing                      : YES
Optimize Instantiated Primitives   : NO
Use Clock Enable                   : Yes
Use Synchronous Set                : Yes
Use Synchronous Reset              : Yes
Pack IO Registers into IOBs        : Auto
Equivalent register Removal        : YES

---- General Options
Optimization Goal                  : Speed
Optimization Effort                : 1
Keep Hierarchy                     : No
Netlist Hierarchy                  : As_Optimized
RTL Output                         : Yes
Global Optimization                : AllClockNets
Read Cores                         : YES
Write Timing Constraints           : NO
Cross Clock Analysis               : NO
Hierarchy Separator                : /
Bus Delimiter                      : <>
Case Specifier                     : Maintain
Slice Utilization Ratio            : 100
BRAM Utilization Ratio             : 100
Verilog 2001                       : YES
Auto BRAM Packing                  : NO
Slice Utilization Ratio Delta      : 5

=========================================================================


=========================================================================
*                          HDL Compilation                              *
=========================================================================
Compiling vhdl file "/home/amit/vhdl_lab/counter_5_bit/counter.vhd" in Library work.
Entity <counter> compiled.
Entity <counter> (Architecture <behavioral>) compiled.

=========================================================================
*                     Design Hierarchy Analysis                         *
=========================================================================
Analyzing hierarchy for entity <counter> in library <work> (architecture <behavioral>).


=========================================================================
*                            HDL Analysis                               *
=========================================================================
Analyzing Entity <counter> in library <work> (Architecture <behavioral>).
WARNING:Xst:819 - "/home/amit/vhdl_lab/counter_5_bit/counter.vhd" line 42: One or more signals are missing in the process sensitivity list. To enable synthesis of FPGA/CPLD hardware, XST will assume that all necessary signals are present in the sensitivity list. Please note that the result of the synthesis may differ from the initial design specification. The missing signals are:
   <temp>
Entity <counter> analyzed. Unit <counter> generated.


=========================================================================
*                           HDL Synthesis                               *
=========================================================================

Performing bidirectional port resolution...

Synthesizing Unit <counter>.
    Related source file is "/home/amit/vhdl_lab/counter_5_bit/counter.vhd".
    Found 32-bit up counter for signal <temp>.
    Found 32-bit comparator less for signal <temp$cmp_lt0000> created at line 48.
    Summary:
	inferred   1 Counter(s).
	inferred   1 Comparator(s).
Unit <counter> synthesized.


=========================================================================
HDL Synthesis Report

Macro Statistics
# Counters                                             : 1
 32-bit up counter                                     : 1
# Comparators                                          : 1
 32-bit comparator less                                : 1

=========================================================================

=========================================================================
*                       Advanced HDL Synthesis                          *
=========================================================================


=========================================================================
Advanced HDL Synthesis Report

Macro Statistics
# Counters                                             : 1
 32-bit up counter                                     : 1
# Comparators                                          : 1
 32-bit comparator less                                : 1

=========================================================================

=========================================================================
*                         Low Level Synthesis                           *
=========================================================================

Optimizing unit <counter> ...

Mapping all equations...
Building and optimizing final netlist ...
Found area constraint ratio of 100 (+ 5) on block counter, actual ratio is 1.

Final Macro Processing ...

=========================================================================
Final Register Report

Macro Statistics
# Registers                                            : 32
 Flip-Flops                                            : 32

=========================================================================

=========================================================================
*                           Partition Report                            *
=========================================================================

Partition Implementation Status
-------------------------------

  No Partitions were found in this design.

-------------------------------

=========================================================================
*                            Final Report                               *
=========================================================================
Final Results
RTL Top Level Output File Name     : counter.ngr
Top Level Output File Name         : counter
Output Format                      : NGC
Optimization Goal                  : Speed
Keep Hierarchy                     : No

Design Statistics
# IOs                              : 34

Cell Usage :
# BELS                             : 120
#      GND                         : 1
#      INV                         : 2
#      LUT1                        : 2
#      LUT2                        : 1
#      LUT3                        : 33
#      LUT4                        : 6
#      MUXCY                       : 42
#      VCC                         : 1
#      XORCY                       : 32
# FlipFlops/Latches                : 32
#      FDC                         : 32
# Clock Buffers                    : 1
#      BUFGP                       : 1
# IO Buffers                       : 33
#      IBUF                        : 1
#      OBUF                        : 32
=========================================================================

Device utilization summary:
---------------------------

Selected Device : 3s200ft256-5 

 Number of Slices:                       23  out of   1920     1%  
 Number of Slice Flip Flops:             32  out of   3840     0%  
 Number of 4 input LUTs:                 44  out of   3840     1%  
 Number of IOs:                          34
 Number of bonded IOBs:                  34  out of    173    19%  
 Number of GCLKs:                         1  out of      8    12%  

---------------------------
Partition Resource Summary:
---------------------------

  No Partitions were found in this design.

---------------------------


=========================================================================
TIMING REPORT

NOTE: THESE TIMING NUMBERS ARE ONLY A SYNTHESIS ESTIMATE.
      FOR ACCURATE TIMING INFORMATION PLEASE REFER TO THE TRACE REPORT
      GENERATED AFTER PLACE-and-ROUTE.

Clock Information:
------------------
-----------------------------------+------------------------+-------+
Clock Signal                       | Clock buffer(FF name)  | Load  |
-----------------------------------+------------------------+-------+
clk                                | BUFGP                  | 32    |
-----------------------------------+------------------------+-------+

Asynchronous Control Signals Information:
----------------------------------------
-----------------------------------+------------------------+-------+
Control Signal                     | Buffer(FF name)        | Load  |
-----------------------------------+------------------------+-------+
reset                              | IBUF                   | 32    |
-----------------------------------+------------------------+-------+

Timing Summary:
---------------
Speed Grade: -5

   Minimum period: 8.792ns (Maximum Frequency: 113.736MHz)
   Minimum input arrival time before clock: No path found
   Maximum output required time after clock: 6.306ns
   Maximum combinational path delay: No path found

Timing Detail:
--------------
All values displayed in nanoseconds (ns)

=========================================================================
Timing constraint: Default period analysis for Clock 'clk'
  Clock period: 8.792ns (frequency: 113.736MHz)
  Total number of paths / destination ports: 18448 / 32
-------------------------------------------------------------------------
Delay:               8.792ns (Levels of Logic = 45)
  Source:            temp_0 (FF)
  Destination:       temp_31 (FF)
  Source Clock:      clk rising
  Destination Clock: clk rising

  Data Path: temp_0 to temp_31
                                Gate     Net
    Cell:in->out      fanout   Delay   Delay  Logical Name (Net Name)
    ----------------------------------------  ------------
     FDC:C->Q              3   0.626   1.066  temp_0 (temp_0)
     LUT1:I0->O            1   0.479   0.000  Mcompar_temp_cmp_lt0000_cy<0>_rt (Mcompar_temp_cmp_lt0000_cy<0>_rt)
     MUXCY:S->O            1   0.435   0.000  Mcompar_temp_cmp_lt0000_cy<0> (Mcompar_temp_cmp_lt0000_cy<0>)
     MUXCY:CI->O           1   0.056   0.000  Mcompar_temp_cmp_lt0000_cy<1> (Mcompar_temp_cmp_lt0000_cy<1>)
     MUXCY:CI->O           1   0.056   0.000  Mcompar_temp_cmp_lt0000_cy<2> (Mcompar_temp_cmp_lt0000_cy<2>)
     MUXCY:CI->O           1   0.056   0.000  Mcompar_temp_cmp_lt0000_cy<3> (Mcompar_temp_cmp_lt0000_cy<3>)
     MUXCY:CI->O           1   0.056   0.000  Mcompar_temp_cmp_lt0000_cy<4> (Mcompar_temp_cmp_lt0000_cy<4>)
     MUXCY:CI->O           1   0.056   0.000  Mcompar_temp_cmp_lt0000_cy<5> (Mcompar_temp_cmp_lt0000_cy<5>)
     MUXCY:CI->O           1   0.056   0.000  Mcompar_temp_cmp_lt0000_cy<6> (Mcompar_temp_cmp_lt0000_cy<6>)
     MUXCY:CI->O           1   0.056   0.000  Mcompar_temp_cmp_lt0000_cy<7> (Mcompar_temp_cmp_lt0000_cy<7>)
     MUXCY:CI->O           1   0.056   0.000  Mcompar_temp_cmp_lt0000_cy<8> (Mcompar_temp_cmp_lt0000_cy<8>)
     MUXCY:CI->O           1   0.056   0.000  Mcompar_temp_cmp_lt0000_cy<9> (Mcompar_temp_cmp_lt0000_cy<9>)
     MUXCY:CI->O          33   0.265   1.580  Mcompar_temp_cmp_lt0000_cy<10> (Mcompar_temp_cmp_lt0000_cy<10>)
     INV:I->O              1   0.479   0.681  Mcompar_temp_cmp_lt0000_cy<10>_inv_INV_0 (temp_not0001_inv)
     MUXCY:CI->O           1   0.056   0.000  Mcount_temp_cy<0> (Mcount_temp_cy<0>)
     MUXCY:CI->O           1   0.056   0.000  Mcount_temp_cy<1> (Mcount_temp_cy<1>)
     MUXCY:CI->O           1   0.056   0.000  Mcount_temp_cy<2> (Mcount_temp_cy<2>)
     MUXCY:CI->O           1   0.056   0.000  Mcount_temp_cy<3> (Mcount_temp_cy<3>)
     MUXCY:CI->O           1   0.056   0.000  Mcount_temp_cy<4> (Mcount_temp_cy<4>)
     MUXCY:CI->O           1   0.056   0.000  Mcount_temp_cy<5> (Mcount_temp_cy<5>)
     MUXCY:CI->O           1   0.056   0.000  Mcount_temp_cy<6> (Mcount_temp_cy<6>)
     MUXCY:CI->O           1   0.056   0.000  Mcount_temp_cy<7> (Mcount_temp_cy<7>)
     MUXCY:CI->O           1   0.056   0.000  Mcount_temp_cy<8> (Mcount_temp_cy<8>)
     MUXCY:CI->O           1   0.056   0.000  Mcount_temp_cy<9> (Mcount_temp_cy<9>)
     MUXCY:CI->O           1   0.056   0.000  Mcount_temp_cy<10> (Mcount_temp_cy<10>)
     MUXCY:CI->O           1   0.056   0.000  Mcount_temp_cy<11> (Mcount_temp_cy<11>)
     MUXCY:CI->O           1   0.055   0.000  Mcount_temp_cy<12> (Mcount_temp_cy<12>)
     MUXCY:CI->O           1   0.056   0.000  Mcount_temp_cy<13> (Mcount_temp_cy<13>)
     MUXCY:CI->O           1   0.056   0.000  Mcount_temp_cy<14> (Mcount_temp_cy<14>)
     MUXCY:CI->O           1   0.056   0.000  Mcount_temp_cy<15> (Mcount_temp_cy<15>)
     MUXCY:CI->O           1   0.056   0.000  Mcount_temp_cy<16> (Mcount_temp_cy<16>)
     MUXCY:CI->O           1   0.056   0.000  Mcount_temp_cy<17> (Mcount_temp_cy<17>)
     MUXCY:CI->O           1   0.056   0.000  Mcount_temp_cy<18> (Mcount_temp_cy<18>)
     MUXCY:CI->O           1   0.056   0.000  Mcount_temp_cy<19> (Mcount_temp_cy<19>)
     MUXCY:CI->O           1   0.056   0.000  Mcount_temp_cy<20> (Mcount_temp_cy<20>)
     MUXCY:CI->O           1   0.056   0.000  Mcount_temp_cy<21> (Mcount_temp_cy<21>)
     MUXCY:CI->O           1   0.056   0.000  Mcount_temp_cy<22> (Mcount_temp_cy<22>)
     MUXCY:CI->O           1   0.056   0.000  Mcount_temp_cy<23> (Mcount_temp_cy<23>)
     MUXCY:CI->O           1   0.056   0.000  Mcount_temp_cy<24> (Mcount_temp_cy<24>)
     MUXCY:CI->O           1   0.056   0.000  Mcount_temp_cy<25> (Mcount_temp_cy<25>)
     MUXCY:CI->O           1   0.056   0.000  Mcount_temp_cy<26> (Mcount_temp_cy<26>)
     MUXCY:CI->O           1   0.056   0.000  Mcount_temp_cy<27> (Mcount_temp_cy<27>)
     MUXCY:CI->O           1   0.056   0.000  Mcount_temp_cy<28> (Mcount_temp_cy<28>)
     MUXCY:CI->O           1   0.056   0.000  Mcount_temp_cy<29> (Mcount_temp_cy<29>)
     MUXCY:CI->O           0   0.056   0.000  Mcount_temp_cy<30> (Mcount_temp_cy<30>)
     XORCY:CI->O           1   0.786   0.000  Mcount_temp_xor<31> (Mcount_temp31)
     FDC:D                     0.176          temp_31
    ----------------------------------------
    Total                      8.792ns (5.466ns logic, 3.327ns route)
                                       (62.2% logic, 37.8% route)

=========================================================================
Timing constraint: Default OFFSET OUT AFTER for Clock 'clk'
  Total number of paths / destination ports: 32 / 32
-------------------------------------------------------------------------
Offset:              6.306ns (Levels of Logic = 1)
  Source:            temp_31 (FF)
  Destination:       count<31> (PAD)
  Source Clock:      clk rising

  Data Path: temp_31 to count<31>
                                Gate     Net
    Cell:in->out      fanout   Delay   Delay  Logical Name (Net Name)
    ----------------------------------------  ------------
     FDC:C->Q              3   0.626   0.771  temp_31 (temp_31)
     OBUF:I->O                 4.909          count_31_OBUF (count<31>)
    ----------------------------------------
    Total                      6.306ns (5.535ns logic, 0.771ns route)
                                       (87.8% logic, 12.2% route)

=========================================================================


Total REAL time to Xst completion: 3.00 secs
Total CPU time to Xst completion: 3.29 secs
 
--> 


Total memory usage is 502444 kilobytes

Number of errors   :    0 (   0 filtered)
Number of warnings :    1 (   0 filtered)
Number of infos    :    0 (   0 filtered)

