Command line:
   ALU_isim_beh.exe
     -simmode  gui
     -simrunnum  0
     -socket  50061

Wed Nov 25 09:07:17 2020


 Elaboration Time: 0.01 sec

 Current Memory Usage: 184.332 Meg

 Total Signals          : 4
 Total Nets             : 15
 Total Signal Drivers   : 1
 Total Blocks           : 4
 Total Primitive Blocks : 4
 Total Processes        : 1
 Total Traceable Variables  : 10
 Total Scalar Nets and Variables : 393
Total Line Count : 10

 Total Simulation Time: 0.25 sec

 Current Memory Usage: 259.834 Meg

Wed Nov 25 09:44:18 2020

