Command line:
   demux_module_isim_beh.exe
     -simmode  gui
     -simrunnum  0
     -socket  37187

Wed Sep  9 09:12:17 2020


 Elaboration Time: 0.01 sec

 Current Memory Usage: 184.242 Meg

 Total Signals          : 3
 Total Nets             : 12
 Total Signal Drivers   : 1
 Total Blocks           : 2
 Total Primitive Blocks : 2
 Total Processes        : 1
 Total Traceable Variables  : 8
 Total Scalar Nets and Variables : 372
Total Line Count : 10

 Total Simulation Time: 0.18 sec

 Current Memory Usage: 259.744 Meg

Wed Sep  9 11:17:38 2020

