Command line:
   source_isim_beh.exe
     -simmode  gui
     -simrunnum  0
     -socket  46905

Wed Sep 16 09:12:21 2020


 Elaboration Time: 0.01 sec

 Current Memory Usage: 184.234 Meg

 Total Signals          : 3
 Total Nets             : 12
 Total Signal Drivers   : 1
 Total Blocks           : 2
 Total Primitive Blocks : 2
 Total Processes        : 1
 Total Traceable Variables  : 8
 Total Scalar Nets and Variables : 372
Total Line Count : 8

 Total Simulation Time: 0.41 sec

 Current Memory Usage: 259.736 Meg

Wed Sep 16 10:23:40 2020

