Running: /opt/Xilinx/14.7/ISE_DS/ISE/bin/lin64/unwrapped/fuse -intstyle ise -incremental -o /home/amit/vhdl_lab/sequence_detector_1001/sequence_detector_isim_beh.exe -prj /home/amit/vhdl_lab/sequence_detector_1001/sequence_detector_beh.prj work.sequence_detector 
ISim P.20131013 (signature 0xfbc00daa)
Number of CPUs detected in this system: 4
Turning on mult-threading, number of parallel sub-compilation jobs: 8 
Determining compilation order of HDL files
Parsing VHDL file "/home/amit/vhdl_lab/sequence_detector_1001/sequence_detector.vhd" into library work
Starting static elaboration
Completed static elaboration
Fuse Memory Usage: 83312 KB
Fuse CPU Usage: 1200 ms
Compiling package standard
Compiling package std_logic_1164
Compiling architecture behavioral of entity sequence_detector
Time Resolution for simulation is 1ps.
Waiting for 1 sub-compilation(s) to finish...
Compiled 3 VHDL Units
Built simulation executable /home/amit/vhdl_lab/sequence_detector_1001/sequence_detector_isim_beh.exe
Fuse Memory Usage: 649000 KB
Fuse CPU Usage: 1220 ms
GCC CPU Usage: 180 ms
