ISim log file
Running: /home/amit/vhdl_lab/mux_4x1_with_select/mux_4x1_isim_beh.exe -intstyle ise -gui -tclbatch isim.cmd -wdb /home/amit/vhdl_lab/mux_4x1_with_select/mux_4x1_isim_beh.wdb 
ISim P.20131013 (signature 0xfbc00daa)
WARNING: A WEBPACK license was found.
WARNING: Please use Xilinx License Configuration Manager to check out a full ISim license.
WARNING: ISim will run in Lite mode. Please refer to the ISim documentation for more information on the differences between the Lite and the Full version.
This is a Lite version of ISim.
Time resolution is 1 ps
# onerror resume
# wave add /
# run 1000 ns
Simulator is doing circuit initialization process.
Finished circuit initialization process.
# isim force add /mux_4x1/a 0 -radix bin -value 1 -radix bin -time 1 ps -repeat 2 ps -cancel 1 ns
# isim force add /mux_4x1/b 0 -radix bin -value 1 -radix bin -time 2 ps -repeat 4 ps -cancel 1 ns
# isim force add /mux_4x1/c 0 -radix bin -value 1 -radix bin -time 4 ps -repeat 8 ps -cancel 1 ns
# isim force add /mux_4x1/d 0 -radix bin -value 1 -radix bin -time 8 ps -repeat 16 ps -cancel 1 ns
# isim force add /mux_4x1/s0 0 -radix bin -value 1 -radix bin -time 16 ps -repeat 32 ps -cancel 1 ns
# isim force add /mux_4x1/s1 0 -radix bin -value 1 -radix bin -time 32 ps -repeat 64 ps -cancel 1 ns
# run all
# exit 0
