ISim log file
Running: /home/amit/vhdl_lab/and_gate_10input/and_10inp_isim_beh.exe -intstyle ise -gui -tclbatch isim.cmd -wdb /home/amit/vhdl_lab/and_gate_10input/and_10inp_isim_beh.wdb 
ISim P.20131013 (signature 0xfbc00daa)
WARNING: A WEBPACK license was found.
WARNING: Please use Xilinx License Configuration Manager to check out a full ISim license.
WARNING: ISim will run in Lite mode. Please refer to the ISim documentation for more information on the differences between the Lite and the Full version.
This is a Lite version of ISim.
Time resolution is 1 ps
# onerror resume
# wave add /
# run 1000 ns
Simulator is doing circuit initialization process.
Finished circuit initialization process.
# isim force add /and_10inp/a 1010101010 -radix bin
# isim force add /and_10inp/b 1111100000 -radix bin
# run all
# run all
# run all
# run 1.00us
# exit 0
