Command line:
   sequence_detector_isim_beh.exe
     -simmode  gui
     -simrunnum  0
     -socket  35283

Sat Dec  5 23:17:35 2020


 Elaboration Time: 0.02 sec

 Current Memory Usage: 184.234 Meg

 Total Signals          : 6
 Total Nets             : 6
 Total Signal Drivers   : 3
 Total Blocks           : 2
 Total Primitive Blocks : 2
 Total Processes        : 2
 Total Traceable Variables  : 8
 Total Scalar Nets and Variables : 366
Total Line Count : 17

 Total Simulation Time: 0.06 sec

 Current Memory Usage: 259.736 Meg

Sat Dec  5 23:20:00 2020

