Command line:
   ripple_carry_counter_isim_beh.exe
     -simmode  gui
     -simrunnum  0
     -socket  47863

Fri Sep 18 17:09:36 2020


 Elaboration Time: 0.01 sec

 Current Memory Usage: 184.218 Meg

 Total Signals          : 44
 Total Nets             : 23
 Total Signal Drivers   : 13
 Total Blocks           : 10
 Total Primitive Blocks : 5
 Total Processes        : 18
 Total Traceable Variables  : 22
 Total Scalar Nets and Variables : 107
Total Line Count : 30

 Total Simulation Time: 0.03 sec

 Current Memory Usage: 259.719 Meg

Fri Sep 18 17:09:49 2020

