Command line:
   t_ff_isim_beh.exe
     -simmode  gui
     -simrunnum  0
     -socket  41719

Sat Dec  5 19:42:15 2020


 Elaboration Time: 0.02 sec

 Current Memory Usage: 184.238 Meg

 Total Signals          : 4
 Total Nets             : 4
 Total Signal Drivers   : 2
 Total Blocks           : 2
 Total Primitive Blocks : 2
 Total Processes        : 2
 Total Traceable Variables  : 8
 Total Scalar Nets and Variables : 364
Total Line Count : 5

 Total Simulation Time: 0.13 sec

 Current Memory Usage: 259.74 Meg

Sat Dec  5 19:44:52 2020

