Running: /opt/Xilinx/14.7/ISE_DS/ISE/bin/lin64/unwrapped/fuse -intstyle ise -incremental -lib secureip -o /home/amit/vhdl_lab/comparator/four_bit_comparator_isim_beh.exe -prj /home/amit/vhdl_lab/comparator/four_bit_comparator_beh.prj work.four_bit_comparator 
ISim P.20131013 (signature 0xfbc00daa)
Number of CPUs detected in this system: 4
Turning on mult-threading, number of parallel sub-compilation jobs: 8 
Determining compilation order of HDL files
Parsing VHDL file "/home/amit/vhdl_lab/comparator/four_bit_comparator.vhd" into library work
Starting static elaboration
Completed static elaboration
Fuse Memory Usage: 84604 KB
Fuse CPU Usage: 1800 ms
Compiling package standard
Compiling package std_logic_1164
Compiling package std_logic_arith
Compiling package std_logic_unsigned
Compiling architecture behavioral of entity four_bit_comparator
Time Resolution for simulation is 1ps.
Compiled 5 VHDL Units
Built simulation executable /home/amit/vhdl_lab/comparator/four_bit_comparator_isim_beh.exe
Fuse Memory Usage: 657348 KB
Fuse CPU Usage: 1890 ms
GCC CPU Usage: 2650 ms
