Command line:
   nor_gate_isim_beh.exe
     -simmode  gui
     -simrunnum  0
     -socket  51149

Fri Nov 27 22:43:58 2020


 Elaboration Time: 0.03 sec

 Current Memory Usage: 184.234 Meg

 Total Signals          : 3
 Total Nets             : 3
 Total Signal Drivers   : 1
 Total Blocks           : 2
 Total Primitive Blocks : 2
 Total Processes        : 1
 Total Traceable Variables  : 8
 Total Scalar Nets and Variables : 363
Total Line Count : 1

 Total Simulation Time: 0.04 sec

 Current Memory Usage: 259.736 Meg

Fri Nov 27 22:45:14 2020

