Running: /opt/Xilinx/14.7/ISE_DS/ISE/bin/lin64/unwrapped/fuse -intstyle ise -incremental -o /home/amit/vhdl_lab/multiplier_3_bit/multiplier_isim_beh.exe -prj /home/amit/vhdl_lab/multiplier_3_bit/multiplier_beh.prj work.multiplier 
ISim P.20131013 (signature 0xfbc00daa)
Number of CPUs detected in this system: 4
Turning on mult-threading, number of parallel sub-compilation jobs: 8 
Determining compilation order of HDL files
Parsing VHDL file "/home/amit/vhdl_lab/multiplier_3_bit/multiplier.vhd" into library work
Starting static elaboration
Completed static elaboration
Fuse Memory Usage: 86396 KB
Fuse CPU Usage: 1230 ms
Compiling package standard
Compiling package std_logic_1164
Compiling package std_logic_arith
Compiling package std_logic_unsigned
Compiling package numeric_std
Compiling architecture behavioral of entity multiplier
Time Resolution for simulation is 1ps.
Compiled 6 VHDL Units
Built simulation executable /home/amit/vhdl_lab/multiplier_3_bit/multiplier_isim_beh.exe
Fuse Memory Usage: 662700 KB
Fuse CPU Usage: 1370 ms
GCC CPU Usage: 4430 ms
