Command line:
   counter_isim_beh.exe
     -simmode  gui
     -simrunnum  0
     -socket  59491

Tue Oct 27 19:48:55 2020


 Elaboration Time: 0.02 sec

 Current Memory Usage: 184.328 Meg

 Total Signals          : 2
 Total Nets             : 2
 Total Signal Drivers   : 1
 Total Blocks           : 4
 Total Primitive Blocks : 4
 Total Processes        : 1
 Total Traceable Variables  : 10
 Total Scalar Nets and Variables : 380
Total Line Count : 5

 Total Simulation Time: 0.14 sec

 Current Memory Usage: 259.83 Meg

Tue Oct 27 19:51:25 2020

