Command line:
   mux_4x1_isim_beh.exe
     -simmode  gui
     -simrunnum  0
     -socket  56657

Sun Nov 29 00:29:11 2020


 Elaboration Time: 0.01 sec

 Current Memory Usage: 184.234 Meg

 Total Signals          : 6
 Total Nets             : 7
 Total Signal Drivers   : 1
 Total Blocks           : 2
 Total Primitive Blocks : 2
 Total Processes        : 1
 Total Traceable Variables  : 8
 Total Scalar Nets and Variables : 367
Total Line Count : 6

 Total Simulation Time: 0.06 sec

 Current Memory Usage: 259.736 Meg

Sun Nov 29 00:31:22 2020

